This file contains any messages produced by compilers while
running configure, to aid debugging if configure makes a mistake.

It was created by MElt configure 0.6, which was
generated by GNU Autoconf 2.64.  Invocation command line was

  $ ./configure 

## --------- ##
## Platform. ##
## --------- ##

hostname = camille-hp
uname -m = x86_64
uname -r = 3.2.0-24-generic
uname -s = Linux
uname -v = #37-Ubuntu SMP Wed Apr 25 08:43:22 UTC 2012

/usr/bin/uname -p = unknown
/bin/uname -X     = unknown

/bin/arch              = unknown
/usr/bin/arch -k       = unknown
/usr/convex/getsysinfo = unknown
/usr/bin/hostinfo      = unknown
/bin/machine           = unknown
/usr/bin/oslevel       = unknown
/bin/universe          = unknown

PATH: /home/camille/TDB-0.8.10/bin
PATH: /home/camille/Joseki3/bin
PATH: /usr/lib/lightdm/lightdm
PATH: /usr/local/sbin
PATH: /usr/local/bin
PATH: /usr/sbin
PATH: /usr/bin
PATH: /sbin
PATH: /bin
PATH: /usr/games


## ----------- ##
## Core tests. ##
## ----------- ##

configure:1713: checking for a BSD-compatible install
configure:1781: result: /usr/bin/install -c
configure:1792: checking whether build environment is sane
configure:1842: result: yes
configure:1983: checking for a thread-safe mkdir -p
configure:2022: result: /bin/mkdir -p
configure:2035: checking for gawk
configure:2065: result: no
configure:2035: checking for mawk
configure:2051: found /usr/bin/mawk
configure:2062: result: mawk
configure:2073: checking whether make sets $(MAKE)
configure:2095: result: yes
configure:2187: checking for python
configure:2205: found /usr/bin/python
configure:2217: result: /usr/bin/python
configure:2238: checking for python version
configure:2245: result: 2.7
configure:2257: checking for python platform
configure:2264: result: linux2
configure:2271: checking for python script directory
configure:2292: result: ${prefix}/lib/python2.7/dist-packages
configure:2301: checking for python extension module directory
configure:2322: result: ${exec_prefix}/lib/python2.7/dist-packages
configure:2338: checking for perl
configure:2356: found /usr/bin/perl
configure:2368: result: /usr/bin/perl
configure:2526: creating ./config.status

## ---------------------- ##
## Running config.status. ##
## ---------------------- ##

This file was extended by MElt config.status 0.6, which was
generated by GNU Autoconf 2.64.  Invocation command line was

  CONFIG_FILES    = 
  CONFIG_HEADERS  = 
  CONFIG_LINKS    = 
  CONFIG_COMMANDS = 
  $ ./config.status 

on camille-hp

config.status:752: creating data/Makefile
config.status:752: creating src/Makefile
config.status:752: creating src/melt/Makefile
config.status:752: creating bin/Makefile
config.status:752: creating sxpipe-light/Makefile
config.status:752: creating Makefile

## ---------------- ##
## Cache variables. ##
## ---------------- ##

ac_cv_env_build_alias_set=
ac_cv_env_build_alias_value=
ac_cv_env_host_alias_set=
ac_cv_env_host_alias_value=
ac_cv_env_target_alias_set=
ac_cv_env_target_alias_value=
ac_cv_path_PERL=/usr/bin/perl
ac_cv_path_PYTHON=/usr/bin/python
ac_cv_path_install='/usr/bin/install -c'
ac_cv_path_mkdir=/bin/mkdir
ac_cv_prog_AWK=mawk
ac_cv_prog_make_make_set=yes
am_cv_python_platform=linux2
am_cv_python_pyexecdir='${exec_prefix}/lib/python2.7/dist-packages'
am_cv_python_pythondir='${prefix}/lib/python2.7/dist-packages'
am_cv_python_version=2.7

## ----------------- ##
## Output variables. ##
## ----------------- ##

ACLOCAL='${SHELL} /home/camille/bonsai/melt-0.6/missing --run aclocal-1.11'
AMTAR='${SHELL} /home/camille/bonsai/melt-0.6/missing --run tar'
AUTOCONF='${SHELL} /home/camille/bonsai/melt-0.6/missing --run autoconf'
AUTOHEADER='${SHELL} /home/camille/bonsai/melt-0.6/missing --run autoheader'
AUTOMAKE='${SHELL} /home/camille/bonsai/melt-0.6/missing --run automake-1.11'
AWK='mawk'
CYGPATH_W='echo'
DEFS='-DPACKAGE_NAME=\"MElt\" -DPACKAGE_TARNAME=\"melt\" -DPACKAGE_VERSION=\"0.6\" -DPACKAGE_STRING=\"MElt\ 0.6\" -DPACKAGE_BUGREPORT=\"Pascal.Denis@inria.fr\ and\ Benoit.Sagot@inria.fr\" -DPACKAGE_URL=\"\" -DPACKAGE=\"melt\" -DVERSION=\"0.6\"'
ECHO_C=''
ECHO_N='-n'
ECHO_T=''
INSTALL_DATA='${INSTALL} -m 644'
INSTALL_PROGRAM='${INSTALL}'
INSTALL_SCRIPT='${INSTALL}'
INSTALL_STRIP_PROGRAM='$(install_sh) -c -s'
LIBOBJS=''
LIBS=''
LTLIBOBJS=''
MAKEINFO='${SHELL} /home/camille/bonsai/melt-0.6/missing --run makeinfo'
MKDIR_P='/bin/mkdir -p'
PACKAGE='melt'
PACKAGE_BUGREPORT='Pascal.Denis@inria.fr and Benoit.Sagot@inria.fr'
PACKAGE_NAME='MElt'
PACKAGE_STRING='MElt 0.6'
PACKAGE_TARNAME='melt'
PACKAGE_URL=''
PACKAGE_VERSION='0.6'
PATH_SEPARATOR=':'
PERL='/usr/bin/perl'
PYTHON='/usr/bin/python'
PYTHON_EXEC_PREFIX='${exec_prefix}'
PYTHON_PLATFORM='linux2'
PYTHON_PREFIX='${prefix}'
PYTHON_VERSION='2.7'
SET_MAKE=''
SHELL='/bin/bash'
STRIP=''
VERSION='0.6'
am__isrc=''
am__leading_dot='.'
am__tar='${AMTAR} chof - "$$tardir"'
am__untar='${AMTAR} xf -'
bindir='${exec_prefix}/bin'
build_alias=''
datadir='${datarootdir}'
datarootdir='${prefix}/share'
docdir='${datarootdir}/doc/${PACKAGE_TARNAME}'
dvidir='${docdir}'
exec_prefix='${prefix}'
host_alias=''
htmldir='${docdir}'
includedir='${prefix}/include'
infodir='${datarootdir}/info'
install_sh='${SHELL} /home/camille/bonsai/melt-0.6/install-sh'
libdir='${exec_prefix}/lib'
libexecdir='${exec_prefix}/libexec'
localedir='${datarootdir}/locale'
localstatedir='${prefix}/var'
mandir='${datarootdir}/man'
mkdir_p='/bin/mkdir -p'
oldincludedir='/usr/include'
pdfdir='${docdir}'
pkgpyexecdir='${pyexecdir}/melt'
pkgpythondir='${pythondir}/melt'
prefix='/usr/local'
program_transform_name='s,x,x,'
psdir='${docdir}'
pyexecdir='${exec_prefix}/lib/python2.7/dist-packages'
pythondir='${prefix}/lib/python2.7/dist-packages'
sbindir='${exec_prefix}/sbin'
sharedstatedir='${prefix}/com'
sysconfdir='${prefix}/etc'
target_alias=''

## ----------- ##
## confdefs.h. ##
## ----------- ##

/* confdefs.h */
#define PACKAGE_NAME "MElt"
#define PACKAGE_TARNAME "melt"
#define PACKAGE_VERSION "0.6"
#define PACKAGE_STRING "MElt 0.6"
#define PACKAGE_BUGREPORT "Pascal.Denis@inria.fr and Benoit.Sagot@inria.fr"
#define PACKAGE_URL ""
#define PACKAGE "melt"
#define VERSION "0.6"

configure: exit 0
