\BOOKMARK [0][-]{chapter.1}{Getting Started}{}
\BOOKMARK [1][-]{section.1.1}{Requirements}{chapter.1}
\BOOKMARK [2][-]{subsection.1.1.1}{Web Browsers}{section.1.1}
\BOOKMARK [2][-]{subsection.1.1.2}{Open Source License}{section.1.1}
\BOOKMARK [2][-]{subsection.1.1.3}{Specific Requirements for Swip}{section.1.1}
\BOOKMARK [1][-]{section.1.2}{Installation}{chapter.1}
\BOOKMARK [0][-]{chapter.2}{MVC Architecture}{}
\BOOKMARK [1][-]{section.2.1}{File Structure}{chapter.2}
\BOOKMARK [2][-]{subsection.2.1.1}{General structure}{section.2.1}
\BOOKMARK [2][-]{subsection.2.1.2}{MVC File Structure}{section.2.1}
\BOOKMARK [1][-]{section.2.2}{Creating the application}{chapter.2}
\BOOKMARK [1][-]{section.2.3}{Components}{chapter.2}
\BOOKMARK [2][-]{subsection.2.3.1}{XTypes and Lazy Instantiation}{section.2.3}
\BOOKMARK [1][-]{section.2.4}{Controller}{chapter.2}
\BOOKMARK [2][-]{subsection.2.4.1}{Using refs}{section.2.4}
\BOOKMARK [1][-]{section.2.5}{Models}{chapter.2}
\BOOKMARK [1][-]{section.2.6}{Stores}{chapter.2}
\BOOKMARK [1][-]{section.2.7}{Proxy}{chapter.2}
\BOOKMARK [1][-]{section.2.8}{Views}{chapter.2}
\BOOKMARK [2][-]{subsection.2.8.1}{Searchbar}{section.2.8}
\BOOKMARK [2][-]{subsection.2.8.2}{Matching Grid}{section.2.8}
\BOOKMARK [2][-]{subsection.2.8.3}{Mapping Grid}{section.2.8}
\BOOKMARK [2][-]{subsection.2.8.4}{Options}{section.2.8}
\BOOKMARK [1][-]{section.2.9}{Application logic}{chapter.2}
\BOOKMARK [0][-]{chapter.3}{REST Web Service}{}
\BOOKMARK [1][-]{section.3.1}{Overview}{chapter.3}
\BOOKMARK [1][-]{section.3.2}{Create a Rest Web Service}{chapter.3}
\BOOKMARK [2][-]{subsection.3.2.1}{Domain class}{section.3.2}
\BOOKMARK [2][-]{subsection.3.2.2}{Resource class}{section.3.2}
